<?xml version="1.0" encoding="UTF-8"?>
<!-- Generated by org.testng.reporters.JUnitXMLReporter -->
<testsuite ignored="3" hostname="DESKTOP-TRSHQ7E" failures="0" tests="1" name="Default test" time="23.454" errors="0" timestamp="2023-12-23T23:16:30 IST">
  <testcase classname="testClasses.HomePageTest" name="verifyLogo" time="9.189"/>
  <testcase classname="testClasses.HomePageTest" name="verifySearchField" time="0.0">
    <ignored/>
  </testcase> <!-- verifySearchField -->
  <testcase classname="testClasses.HomePageTest" name="verifyItemCartButton" time="0.0">
    <ignored/>
  </testcase> <!-- verifyItemCartButton -->
  <testcase classname="testClasses.HomePageTest" name="verifySearchButton" time="0.0">
    <ignored/>
  </testcase> <!-- verifySearchButton -->
</testsuite> <!-- Default test -->
