<?xml version="1.0" encoding="UTF-8"?>
<!-- Generated by org.testng.reporters.JUnitXMLReporter -->
<testsuite ignored="0" hostname="DESKTOP-TRSHQ7E" failures="0" tests="4" name="Test" time="101.161" errors="0" timestamp="2023-12-23T23:21:21 IST">
  <testcase classname="testClasses.HomePageTest" name="verifyItemCartButton" time="9.306"/>
  <testcase classname="testClasses.HomePageTest" name="verifyLogo" time="9.129"/>
  <testcase classname="testClasses.HomePageTest" name="verifySearchButton" time="9.097"/>
  <testcase classname="testClasses.HomePageTest" name="verifySearchField" time="9.133"/>
</testsuite> <!-- Test -->
