<?xml version="1.0" encoding="UTF-8"?>
<testng-results ignored="0" total="4" passed="4" failed="0" skipped="0">
  <reporter-output>
  </reporter-output>
  <suite started-at="2023-12-23T23:19:40 IST" name="Suite" finished-at="2023-12-23T23:21:21 IST" duration-ms="101161">
    <groups>
    </groups>
    <test started-at="2023-12-23T23:19:40 IST" name="Test" finished-at="2023-12-23T23:21:21 IST" duration-ms="101161">
      <class name="testClasses.HomePageTest">
        <test-method is-config="true" signature="setUp()[pri:0, instance:testClasses.HomePageTest@49912c99]" started-at="2023-12-23T23:19:40 IST" name="setUp" finished-at="2023-12-23T23:19:57 IST" duration-ms="17222" status="PASS">
          <reporter-output>
          </reporter-output>
        </test-method> <!-- setUp -->
        <test-method signature="verifyItemCartButton()[pri:0, instance:testClasses.HomePageTest@49912c99]" started-at="2023-12-23T23:19:57 IST" name="verifyItemCartButton" finished-at="2023-12-23T23:20:06 IST" duration-ms="9306" status="PASS">
          <reporter-output>
          </reporter-output>
        </test-method> <!-- verifyItemCartButton -->
        <test-method is-config="true" signature="closeIt()[pri:0, instance:testClasses.HomePageTest@49912c99]" started-at="2023-12-23T23:20:06 IST" name="closeIt" finished-at="2023-12-23T23:20:08 IST" duration-ms="1475" status="PASS">
          <reporter-output>
          </reporter-output>
        </test-method> <!-- closeIt -->
        <test-method is-config="true" signature="setUp()[pri:0, instance:testClasses.HomePageTest@49912c99]" started-at="2023-12-23T23:20:08 IST" name="setUp" finished-at="2023-12-23T23:20:21 IST" duration-ms="13403" status="PASS">
          <reporter-output>
          </reporter-output>
        </test-method> <!-- setUp -->
        <test-method signature="verifyLogo()[pri:0, instance:testClasses.HomePageTest@49912c99]" started-at="2023-12-23T23:20:21 IST" name="verifyLogo" finished-at="2023-12-23T23:20:30 IST" duration-ms="9129" status="PASS">
          <reporter-output>
          </reporter-output>
        </test-method> <!-- verifyLogo -->
        <test-method is-config="true" signature="closeIt()[pri:0, instance:testClasses.HomePageTest@49912c99]" started-at="2023-12-23T23:20:30 IST" name="closeIt" finished-at="2023-12-23T23:20:31 IST" duration-ms="776" status="PASS">
          <reporter-output>
          </reporter-output>
        </test-method> <!-- closeIt -->
        <test-method is-config="true" signature="setUp()[pri:0, instance:testClasses.HomePageTest@49912c99]" started-at="2023-12-23T23:20:31 IST" name="setUp" finished-at="2023-12-23T23:20:42 IST" duration-ms="11305" status="PASS">
          <reporter-output>
          </reporter-output>
        </test-method> <!-- setUp -->
        <test-method signature="verifySearchButton()[pri:0, instance:testClasses.HomePageTest@49912c99]" started-at="2023-12-23T23:20:42 IST" name="verifySearchButton" finished-at="2023-12-23T23:20:52 IST" duration-ms="9097" status="PASS">
          <reporter-output>
          </reporter-output>
        </test-method> <!-- verifySearchButton -->
        <test-method is-config="true" signature="closeIt()[pri:0, instance:testClasses.HomePageTest@49912c99]" started-at="2023-12-23T23:20:52 IST" name="closeIt" finished-at="2023-12-23T23:20:52 IST" duration-ms="603" status="PASS">
          <reporter-output>
          </reporter-output>
        </test-method> <!-- closeIt -->
        <test-method is-config="true" signature="setUp()[pri:0, instance:testClasses.HomePageTest@49912c99]" started-at="2023-12-23T23:20:52 IST" name="setUp" finished-at="2023-12-23T23:21:11 IST" duration-ms="18672" status="PASS">
          <reporter-output>
          </reporter-output>
        </test-method> <!-- setUp -->
        <test-method signature="verifySearchField()[pri:0, instance:testClasses.HomePageTest@49912c99]" started-at="2023-12-23T23:21:11 IST" name="verifySearchField" finished-at="2023-12-23T23:21:20 IST" duration-ms="9133" status="PASS">
          <reporter-output>
          </reporter-output>
        </test-method> <!-- verifySearchField -->
        <test-method is-config="true" signature="closeIt()[pri:0, instance:testClasses.HomePageTest@49912c99]" started-at="2023-12-23T23:21:20 IST" name="closeIt" finished-at="2023-12-23T23:21:21 IST" duration-ms="892" status="PASS">
          <reporter-output>
          </reporter-output>
        </test-method> <!-- closeIt -->
      </class> <!-- testClasses.HomePageTest -->
    </test> <!-- Test -->
  </suite> <!-- Suite -->
</testng-results>
